# JRE version: OpenJDK Runtime Environment (8.0_232-b09) (build 1.8.0_232-8u232-b09-1~deb9u1-b09)
# Java VM: OpenJDK 64-Bit Server VM (25.232-b09 mixed mode linux-amd64 compressed oops)
Heap:
 PSYoungGen      total 34816K, used 3904K [0x00000000ec200000, 0x00000000eec80000, 0x0000000100000000)
  eden space 29184K, 1% used [0x00000000ec200000,0x00000000ec28a268,0x00000000ede80000)
  from space 5632K, 59% used [0x00000000ee700000,0x00000000eea45f60,0x00000000eec80000)
  to   space 7168K, 0% used [0x00000000ede80000,0x00000000ede80000,0x00000000ee580000)
 ParOldGen       total 30208K, used 8264K [0x00000000c4600000, 0x00000000c6380000, 0x00000000ec200000)
  object space 30208K, 27% used [0x00000000c4600000,0x00000000c4e120d8,0x00000000c6380000)
 Metaspace       used 25135K, capacity 26108K, committed 26240K, reserved 1071104K
  class space    used 3401K, capacity 3600K, committed 3712K, reserved 1048576K
GC Heap History (10 events):
Event: 2,545 GC heap before
{Heap before GC invocations=3 (full 0):
 PSYoungGen      total 17920K, used 17888K [0x00000000ec200000, 0x00000000ee500000, 0x0000000100000000)
  eden space 15360K, 100% used [0x00000000ec200000,0x00000000ed100000,0x00000000ed100000)
  from space 2560K, 98% used [0x00000000ed380000,0x00000000ed5f8020,0x00000000ed600000)
  to   space 2560K, 0% used [0x00000000ed100000,0x00000000ed100000,0x00000000ed380000)
 ParOldGen       total 40960K, used 3982K [0x00000000c4600000, 0x00000000c6e00000, 0x00000000ec200000)
  object space 40960K, 9% used [0x00000000c4600000,0x00000000c49e38b0,0x00000000c6e00000)
 Metaspace       used 13542K, capacity 14148K, committed 14464K, reserved 1060864K
  class space    used 1865K, capacity 2074K, committed 2176K, reserved 1048576K
Event: 2,550 GC heap after
Heap after GC invocations=3 (full 0):
 PSYoungGen      total 17920K, used 2528K [0x00000000ec200000, 0x00000000ee500000, 0x0000000100000000)
  eden space 15360K, 0% used [0x00000000ec200000,0x00000000ec200000,0x00000000ed100000)
  from space 2560K, 98% used [0x00000000ed100000,0x00000000ed378048,0x00000000ed380000)
  to   space 2560K, 0% used [0x00000000ee280000,0x00000000ee280000,0x00000000ee500000)
 ParOldGen       total 40960K, used 7731K [0x00000000c4600000, 0x00000000c6e00000, 0x00000000ec200000)
  object space 40960K, 18% used [0x00000000c4600000,0x00000000c4d8cfd8,0x00000000c6e00000)
 Metaspace       used 13542K, capacity 14148K, committed 14464K, reserved 1060864K
  class space    used 1865K, capacity 2074K, committed 2176K, reserved 1048576K
}
Event: 20,338 GC heap before
{Heap before GC invocations=4 (full 0):
 PSYoungGen      total 17920K, used 17888K [0x00000000ec200000, 0x00000000ee500000, 0x0000000100000000)
  eden space 15360K, 100% used [0x00000000ec200000,0x00000000ed100000,0x00000000ed100000)
  from space 2560K, 98% used [0x00000000ed100000,0x00000000ed378048,0x00000000ed380000)
  to   space 2560K, 0% used [0x00000000ee280000,0x00000000ee280000,0x00000000ee500000)
 ParOldGen       total 40960K, used 7731K [0x00000000c4600000, 0x00000000c6e00000, 0x00000000ec200000)
  object space 40960K, 18% used [0x00000000c4600000,0x00000000c4d8cfd8,0x00000000c6e00000)
 Metaspace       used 18005K, capacity 18936K, committed 19200K, reserved 1064960K
  class space    used 2488K, capacity 2700K, committed 2816K, reserved 1048576K
Event: 20,354 GC heap after
Heap after GC invocations=4 (full 0):
 PSYoungGen      total 17920K, used 2548K [0x00000000ec200000, 0x00000000ee500000, 0x0000000100000000)
  eden space 15360K, 0% used [0x00000000ec200000,0x00000000ec200000,0x00000000ed100000)
  from space 2560K, 99% used [0x00000000ee280000,0x00000000ee4fd048,0x00000000ee500000)
  to   space 2560K, 0% used [0x00000000ed100000,0x00000000ed100000,0x00000000ed380000)
 ParOldGen       total 40960K, used 11042K [0x00000000c4600000, 0x00000000c6e00000, 0x00000000ec200000)
  object space 40960K, 26% used [0x00000000c4600000,0x00000000c50c8b00,0x00000000c6e00000)
 Metaspace       used 18005K, capacity 18936K, committed 19200K, reserved 1064960K
  class space    used 2488K, capacity 2700K, committed 2816K, reserved 1048576K
}
Event: 20,525 GC heap before
{Heap before GC invocations=5 (full 0):
 PSYoungGen      total 17920K, used 6765K [0x00000000ec200000, 0x00000000ee500000, 0x0000000100000000)
  eden space 15360K, 27% used [0x00000000ec200000,0x00000000ec61e748,0x00000000ed100000)
  from space 2560K, 99% used [0x00000000ee280000,0x00000000ee4fd048,0x00000000ee500000)
  to   space 2560K, 0% used [0x00000000ed100000,0x00000000ed100000,0x00000000ed380000)
 ParOldGen       total 40960K, used 11042K [0x00000000c4600000, 0x00000000c6e00000, 0x00000000ec200000)
  object space 40960K, 26% used [0x00000000c4600000,0x00000000c50c8b00,0x00000000c6e00000)
 Metaspace       used 20076K, capacity 21050K, committed 21248K, reserved 1067008K
  class space    used 2729K, capacity 2957K, committed 3072K, reserved 1048576K
Event: 20,530 GC heap after
Heap after GC invocations=5 (full 0):
 PSYoungGen      total 17920K, used 2548K [0x00000000ec200000, 0x00000000eee00000, 0x0000000100000000)
  eden space 15360K, 0% used [0x00000000ec200000,0x00000000ec200000,0x00000000ed100000)
  from space 2560K, 99% used [0x00000000ed100000,0x00000000ed37d048,0x00000000ed380000)
  to   space 7168K, 0% used [0x00000000ee700000,0x00000000ee700000,0x00000000eee00000)
 ParOldGen       total 40960K, used 12312K [0x00000000c4600000, 0x00000000c6e00000, 0x00000000ec200000)
  object space 40960K, 30% used [0x00000000c4600000,0x00000000c52062f0,0x00000000c6e00000)
 Metaspace       used 20076K, capacity 21050K, committed 21248K, reserved 1067008K
  class space    used 2729K, capacity 2957K, committed 3072K, reserved 1048576K
}
Event: 20,530 GC heap before
{Heap before GC invocations=6 (full 1):
 PSYoungGen      total 17920K, used 2548K [0x00000000ec200000, 0x00000000eee00000, 0x0000000100000000)
  eden space 15360K, 0% used [0x00000000ec200000,0x00000000ec200000,0x00000000ed100000)
  from space 2560K, 99% used [0x00000000ed100000,0x00000000ed37d048,0x00000000ed380000)
  to   space 7168K, 0% used [0x00000000ee700000,0x00000000ee700000,0x00000000eee00000)
 ParOldGen       total 40960K, used 12312K [0x00000000c4600000, 0x00000000c6e00000, 0x00000000ec200000)
  object space 40960K, 30% used [0x00000000c4600000,0x00000000c52062f0,0x00000000c6e00000)
 Metaspace       used 20076K, capacity 21050K, committed 21248K, reserved 1067008K
  class space    used 2729K, capacity 2957K, committed 3072K, reserved 1048576K
Event: 20,563 GC heap after
Heap after GC invocations=6 (full 1):
 PSYoungGen      total 17920K, used 0K [0x00000000ec200000, 0x00000000eee00000, 0x0000000100000000)
  eden space 15360K, 0% used [0x00000000ec200000,0x00000000ec200000,0x00000000ed100000)
  from space 2560K, 0% used [0x00000000ed100000,0x00000000ed100000,0x00000000ed380000)
  to   space 7168K, 0% used [0x00000000ee700000,0x00000000ee700000,0x00000000eee00000)
 ParOldGen       total 30208K, used 8256K [0x00000000c4600000, 0x00000000c6380000, 0x00000000ec200000)
  object space 30208K, 27% used [0x00000000c4600000,0x00000000c4e100d8,0x00000000c6380000)
 Metaspace       used 20076K, capacity 21050K, committed 21248K, reserved 1067008K
  class space    used 2729K, capacity 2957K, committed 3072K, reserved 1048576K
}
Event: 21,060 GC heap before
{Heap before GC invocations=7 (full 1):
 PSYoungGen      total 17920K, used 15360K [0x00000000ec200000, 0x00000000eee00000, 0x0000000100000000)
  eden space 15360K, 100% used [0x00000000ec200000,0x00000000ed100000,0x00000000ed100000)
  from space 2560K, 0% used [0x00000000ed100000,0x00000000ed100000,0x00000000ed380000)
  to   space 7168K, 0% used [0x00000000ee700000,0x00000000ee700000,0x00000000eee00000)
 ParOldGen       total 30208K, used 8256K [0x00000000c4600000, 0x00000000c6380000, 0x00000000ec200000)
  object space 30208K, 27% used [0x00000000c4600000,0x00000000c4e100d8,0x00000000c6380000)
 Metaspace       used 25105K, capacity 26102K, committed 26240K, reserved 1071104K
  class space    used 3397K, capacity 3599K, committed 3712K, reserved 1048576K
Event: 21,065 GC heap after
Heap after GC invocations=7 (full 1):
 PSYoungGen      total 34816K, used 3351K [0x00000000ec200000, 0x00000000eec80000, 0x0000000100000000)
  eden space 29184K, 0% used [0x00000000ec200000,0x00000000ec200000,0x00000000ede80000)
  from space 5632K, 59% used [0x00000000ee700000,0x00000000eea45f60,0x00000000eec80000)
  to   space 7168K, 0% used [0x00000000ede80000,0x00000000ede80000,0x00000000ee580000)
 ParOldGen       total 30208K, used 8264K [0x00000000c4600000, 0x00000000c6380000, 0x00000000ec200000)
  object space 30208K, 27% used [0x00000000c4600000,0x00000000c4e120d8,0x00000000c6380000)
 Metaspace       used 25105K, capacity 26102K, committed 26240K, reserved 1071104K
  class space    used 3397K, capacity 3599K, committed 3712K, reserved 1048576K
}

